Start testing: Jul 09 14:38 CEST
----------------------------------------------------------
1/11 Testing: GTF2BedTests.DefaultFeatureType_AllOnly_ReturnsTrue
1/11 Test: GTF2BedTests.DefaultFeatureType_AllOnly_ReturnsTrue
Command: "/Users/nikolaoslykoskoufis/Personal/gtftools/build/bin/tests/unit_tests" "--gtest_filter=GTF2BedTests.DefaultFeatureType_AllOnly_ReturnsTrue" "--gtest_also_run_disabled_tests"
Directory: /Users/nikolaoslykoskoufis/Personal/gtftools/build
"GTF2BedTests.DefaultFeatureType_AllOnly_ReturnsTrue" start time: Jul 09 14:38 CEST
Output:
----------------------------------------------------------
Running main() from /private/tmp/googletest-20250430-4705-6kzjyz/googletest-1.17.0/googletest/src/gtest_main.cc
Note: Google Test filter = GTF2BedTests.DefaultFeatureType_AllOnly_ReturnsTrue
[==========] Running 1 test from 1 test suite.
[----------] Global test environment set-up.
[----------] 1 test from GTF2BedTests
[ RUN      ] GTF2BedTests.DefaultFeatureType_AllOnly_ReturnsTrue
[       OK ] GTF2BedTests.DefaultFeatureType_AllOnly_ReturnsTrue (0 ms)
[----------] 1 test from GTF2BedTests (0 ms total)

[----------] Global test environment tear-down
[==========] 1 test from 1 test suite ran. (0 ms total)
[  PASSED  ] 1 test.
<end of output>
Test time =   0.01 sec
----------------------------------------------------------
Test Passed.
"GTF2BedTests.DefaultFeatureType_AllOnly_ReturnsTrue" end time: Jul 09 14:38 CEST
"GTF2BedTests.DefaultFeatureType_AllOnly_ReturnsTrue" time elapsed: 00:00:00
----------------------------------------------------------

2/11 Testing: GTF2BedTests.DefaultFeatureType_EmptySet_ReturnsFalse
2/11 Test: GTF2BedTests.DefaultFeatureType_EmptySet_ReturnsFalse
Command: "/Users/nikolaoslykoskoufis/Personal/gtftools/build/bin/tests/unit_tests" "--gtest_filter=GTF2BedTests.DefaultFeatureType_EmptySet_ReturnsFalse" "--gtest_also_run_disabled_tests"
Directory: /Users/nikolaoslykoskoufis/Personal/gtftools/build
"GTF2BedTests.DefaultFeatureType_EmptySet_ReturnsFalse" start time: Jul 09 14:38 CEST
Output:
----------------------------------------------------------
Running main() from /private/tmp/googletest-20250430-4705-6kzjyz/googletest-1.17.0/googletest/src/gtest_main.cc
Note: Google Test filter = GTF2BedTests.DefaultFeatureType_EmptySet_ReturnsFalse
[==========] Running 1 test from 1 test suite.
[----------] Global test environment set-up.
[----------] 1 test from GTF2BedTests
[ RUN      ] GTF2BedTests.DefaultFeatureType_EmptySet_ReturnsFalse
[       OK ] GTF2BedTests.DefaultFeatureType_EmptySet_ReturnsFalse (0 ms)
[----------] 1 test from GTF2BedTests (0 ms total)

[----------] Global test environment tear-down
[==========] 1 test from 1 test suite ran. (0 ms total)
[  PASSED  ] 1 test.
<end of output>
Test time =   0.01 sec
----------------------------------------------------------
Test Passed.
"GTF2BedTests.DefaultFeatureType_EmptySet_ReturnsFalse" end time: Jul 09 14:38 CEST
"GTF2BedTests.DefaultFeatureType_EmptySet_ReturnsFalse" time elapsed: 00:00:00
----------------------------------------------------------

3/11 Testing: GTF2BedTests.DefaultFeatureType_MultipleItems_ReturnsFalse
3/11 Test: GTF2BedTests.DefaultFeatureType_MultipleItems_ReturnsFalse
Command: "/Users/nikolaoslykoskoufis/Personal/gtftools/build/bin/tests/unit_tests" "--gtest_filter=GTF2BedTests.DefaultFeatureType_MultipleItems_ReturnsFalse" "--gtest_also_run_disabled_tests"
Directory: /Users/nikolaoslykoskoufis/Personal/gtftools/build
"GTF2BedTests.DefaultFeatureType_MultipleItems_ReturnsFalse" start time: Jul 09 14:38 CEST
Output:
----------------------------------------------------------
Running main() from /private/tmp/googletest-20250430-4705-6kzjyz/googletest-1.17.0/googletest/src/gtest_main.cc
Note: Google Test filter = GTF2BedTests.DefaultFeatureType_MultipleItems_ReturnsFalse
[==========] Running 1 test from 1 test suite.
[----------] Global test environment set-up.
[----------] 1 test from GTF2BedTests
[ RUN      ] GTF2BedTests.DefaultFeatureType_MultipleItems_ReturnsFalse
[       OK ] GTF2BedTests.DefaultFeatureType_MultipleItems_ReturnsFalse (0 ms)
[----------] 1 test from GTF2BedTests (0 ms total)

[----------] Global test environment tear-down
[==========] 1 test from 1 test suite ran. (0 ms total)
[  PASSED  ] 1 test.
<end of output>
Test time =   0.01 sec
----------------------------------------------------------
Test Passed.
"GTF2BedTests.DefaultFeatureType_MultipleItems_ReturnsFalse" end time: Jul 09 14:38 CEST
"GTF2BedTests.DefaultFeatureType_MultipleItems_ReturnsFalse" time elapsed: 00:00:00
----------------------------------------------------------

4/11 Testing: GTF2BedTests.DefaultFeatureType_NotAll_ReturnsFalse
4/11 Test: GTF2BedTests.DefaultFeatureType_NotAll_ReturnsFalse
Command: "/Users/nikolaoslykoskoufis/Personal/gtftools/build/bin/tests/unit_tests" "--gtest_filter=GTF2BedTests.DefaultFeatureType_NotAll_ReturnsFalse" "--gtest_also_run_disabled_tests"
Directory: /Users/nikolaoslykoskoufis/Personal/gtftools/build
"GTF2BedTests.DefaultFeatureType_NotAll_ReturnsFalse" start time: Jul 09 14:38 CEST
Output:
----------------------------------------------------------
Running main() from /private/tmp/googletest-20250430-4705-6kzjyz/googletest-1.17.0/googletest/src/gtest_main.cc
Note: Google Test filter = GTF2BedTests.DefaultFeatureType_NotAll_ReturnsFalse
[==========] Running 1 test from 1 test suite.
[----------] Global test environment set-up.
[----------] 1 test from GTF2BedTests
[ RUN      ] GTF2BedTests.DefaultFeatureType_NotAll_ReturnsFalse
[       OK ] GTF2BedTests.DefaultFeatureType_NotAll_ReturnsFalse (0 ms)
[----------] 1 test from GTF2BedTests (0 ms total)

[----------] Global test environment tear-down
[==========] 1 test from 1 test suite ran. (0 ms total)
[  PASSED  ] 1 test.
<end of output>
Test time =   0.01 sec
----------------------------------------------------------
Test Passed.
"GTF2BedTests.DefaultFeatureType_NotAll_ReturnsFalse" end time: Jul 09 14:38 CEST
"GTF2BedTests.DefaultFeatureType_NotAll_ReturnsFalse" time elapsed: 00:00:00
----------------------------------------------------------

5/11 Testing: GTF2BedTests.IsPresent_AllItemsPresent_ReturnsTrue
5/11 Test: GTF2BedTests.IsPresent_AllItemsPresent_ReturnsTrue
Command: "/Users/nikolaoslykoskoufis/Personal/gtftools/build/bin/tests/unit_tests" "--gtest_filter=GTF2BedTests.IsPresent_AllItemsPresent_ReturnsTrue" "--gtest_also_run_disabled_tests"
Directory: /Users/nikolaoslykoskoufis/Personal/gtftools/build
"GTF2BedTests.IsPresent_AllItemsPresent_ReturnsTrue" start time: Jul 09 14:38 CEST
Output:
----------------------------------------------------------
Running main() from /private/tmp/googletest-20250430-4705-6kzjyz/googletest-1.17.0/googletest/src/gtest_main.cc
Note: Google Test filter = GTF2BedTests.IsPresent_AllItemsPresent_ReturnsTrue
[==========] Running 1 test from 1 test suite.
[----------] Global test environment set-up.
[----------] 1 test from GTF2BedTests
[ RUN      ] GTF2BedTests.IsPresent_AllItemsPresent_ReturnsTrue
[       OK ] GTF2BedTests.IsPresent_AllItemsPresent_ReturnsTrue (0 ms)
[----------] 1 test from GTF2BedTests (0 ms total)

[----------] Global test environment tear-down
[==========] 1 test from 1 test suite ran. (0 ms total)
[  PASSED  ] 1 test.
<end of output>
Test time =   0.01 sec
----------------------------------------------------------
Test Passed.
"GTF2BedTests.IsPresent_AllItemsPresent_ReturnsTrue" end time: Jul 09 14:38 CEST
"GTF2BedTests.IsPresent_AllItemsPresent_ReturnsTrue" time elapsed: 00:00:00
----------------------------------------------------------

6/11 Testing: GTF2BedTests.IsPresent_SomeItemsMissing_ReturnsFalse
6/11 Test: GTF2BedTests.IsPresent_SomeItemsMissing_ReturnsFalse
Command: "/Users/nikolaoslykoskoufis/Personal/gtftools/build/bin/tests/unit_tests" "--gtest_filter=GTF2BedTests.IsPresent_SomeItemsMissing_ReturnsFalse" "--gtest_also_run_disabled_tests"
Directory: /Users/nikolaoslykoskoufis/Personal/gtftools/build
"GTF2BedTests.IsPresent_SomeItemsMissing_ReturnsFalse" start time: Jul 09 14:38 CEST
Output:
----------------------------------------------------------
Running main() from /private/tmp/googletest-20250430-4705-6kzjyz/googletest-1.17.0/googletest/src/gtest_main.cc
Note: Google Test filter = GTF2BedTests.IsPresent_SomeItemsMissing_ReturnsFalse
[==========] Running 1 test from 1 test suite.
[----------] Global test environment set-up.
[----------] 1 test from GTF2BedTests
[ RUN      ] GTF2BedTests.IsPresent_SomeItemsMissing_ReturnsFalse
[       OK ] GTF2BedTests.IsPresent_SomeItemsMissing_ReturnsFalse (0 ms)
[----------] 1 test from GTF2BedTests (0 ms total)

[----------] Global test environment tear-down
[==========] 1 test from 1 test suite ran. (0 ms total)
[  PASSED  ] 1 test.
<end of output>
Test time =   0.01 sec
----------------------------------------------------------
Test Passed.
"GTF2BedTests.IsPresent_SomeItemsMissing_ReturnsFalse" end time: Jul 09 14:38 CEST
"GTF2BedTests.IsPresent_SomeItemsMissing_ReturnsFalse" time elapsed: 00:00:00
----------------------------------------------------------

7/11 Testing: GTF2BedTests.IsPresent_EmptyXSet_ReturnsTrue
7/11 Test: GTF2BedTests.IsPresent_EmptyXSet_ReturnsTrue
Command: "/Users/nikolaoslykoskoufis/Personal/gtftools/build/bin/tests/unit_tests" "--gtest_filter=GTF2BedTests.IsPresent_EmptyXSet_ReturnsTrue" "--gtest_also_run_disabled_tests"
Directory: /Users/nikolaoslykoskoufis/Personal/gtftools/build
"GTF2BedTests.IsPresent_EmptyXSet_ReturnsTrue" start time: Jul 09 14:38 CEST
Output:
----------------------------------------------------------
Running main() from /private/tmp/googletest-20250430-4705-6kzjyz/googletest-1.17.0/googletest/src/gtest_main.cc
Note: Google Test filter = GTF2BedTests.IsPresent_EmptyXSet_ReturnsTrue
[==========] Running 1 test from 1 test suite.
[----------] Global test environment set-up.
[----------] 1 test from GTF2BedTests
[ RUN      ] GTF2BedTests.IsPresent_EmptyXSet_ReturnsTrue
[       OK ] GTF2BedTests.IsPresent_EmptyXSet_ReturnsTrue (0 ms)
[----------] 1 test from GTF2BedTests (0 ms total)

[----------] Global test environment tear-down
[==========] 1 test from 1 test suite ran. (0 ms total)
[  PASSED  ] 1 test.
<end of output>
Test time =   0.01 sec
----------------------------------------------------------
Test Passed.
"GTF2BedTests.IsPresent_EmptyXSet_ReturnsTrue" end time: Jul 09 14:38 CEST
"GTF2BedTests.IsPresent_EmptyXSet_ReturnsTrue" time elapsed: 00:00:00
----------------------------------------------------------

8/11 Testing: GTF2BedTests.IsPresent_EmptyYSet_ReturnsFalse
8/11 Test: GTF2BedTests.IsPresent_EmptyYSet_ReturnsFalse
Command: "/Users/nikolaoslykoskoufis/Personal/gtftools/build/bin/tests/unit_tests" "--gtest_filter=GTF2BedTests.IsPresent_EmptyYSet_ReturnsFalse" "--gtest_also_run_disabled_tests"
Directory: /Users/nikolaoslykoskoufis/Personal/gtftools/build
"GTF2BedTests.IsPresent_EmptyYSet_ReturnsFalse" start time: Jul 09 14:38 CEST
Output:
----------------------------------------------------------
Running main() from /private/tmp/googletest-20250430-4705-6kzjyz/googletest-1.17.0/googletest/src/gtest_main.cc
Note: Google Test filter = GTF2BedTests.IsPresent_EmptyYSet_ReturnsFalse
[==========] Running 1 test from 1 test suite.
[----------] Global test environment set-up.
[----------] 1 test from GTF2BedTests
[ RUN      ] GTF2BedTests.IsPresent_EmptyYSet_ReturnsFalse
[       OK ] GTF2BedTests.IsPresent_EmptyYSet_ReturnsFalse (0 ms)
[----------] 1 test from GTF2BedTests (0 ms total)

[----------] Global test environment tear-down
[==========] 1 test from 1 test suite ran. (0 ms total)
[  PASSED  ] 1 test.
<end of output>
Test time =   0.01 sec
----------------------------------------------------------
Test Passed.
"GTF2BedTests.IsPresent_EmptyYSet_ReturnsFalse" end time: Jul 09 14:38 CEST
"GTF2BedTests.IsPresent_EmptyYSet_ReturnsFalse" time elapsed: 00:00:00
----------------------------------------------------------

9/11 Testing: GTF2BedTest.CacheGTFFileWorksCorrectly
9/11 Test: GTF2BedTest.CacheGTFFileWorksCorrectly
Command: "/Users/nikolaoslykoskoufis/Personal/gtftools/build/bin/tests/unit_tests" "--gtest_filter=GTF2BedTest.CacheGTFFileWorksCorrectly" "--gtest_also_run_disabled_tests"
Directory: /Users/nikolaoslykoskoufis/Personal/gtftools/build
"GTF2BedTest.CacheGTFFileWorksCorrectly" start time: Jul 09 14:38 CEST
Output:
----------------------------------------------------------
Running main() from /private/tmp/googletest-20250430-4705-6kzjyz/googletest-1.17.0/googletest/src/gtest_main.cc
Note: Google Test filter = GTF2BedTest.CacheGTFFileWorksCorrectly
[==========] Running 1 test from 1 test suite.
[----------] Global test environment set-up.
[----------] 1 test from GTF2BedTest
[ RUN      ] GTF2BedTest.CacheGTFFileWorksCorrectly
  * Read0
[       OK ] GTF2BedTest.CacheGTFFileWorksCorrectly (380 ms)
[----------] 1 test from GTF2BedTest (380 ms total)

[----------] Global test environment tear-down
[==========] 1 test from 1 test suite ran. (380 ms total)
[  PASSED  ] 1 test.
<end of output>
Test time =   0.39 sec
----------------------------------------------------------
Test Passed.
"GTF2BedTest.CacheGTFFileWorksCorrectly" end time: Jul 09 14:38 CEST
"GTF2BedTest.CacheGTFFileWorksCorrectly" time elapsed: 00:00:00
----------------------------------------------------------

10/11 Testing: GTF2BedTest.WriteToBedCreatesCorrectOutput
10/11 Test: GTF2BedTest.WriteToBedCreatesCorrectOutput
Command: "/Users/nikolaoslykoskoufis/Personal/gtftools/build/bin/tests/unit_tests" "--gtest_filter=GTF2BedTest.WriteToBedCreatesCorrectOutput" "--gtest_also_run_disabled_tests"
Directory: /Users/nikolaoslykoskoufis/Personal/gtftools/build
"GTF2BedTest.WriteToBedCreatesCorrectOutput" start time: Jul 09 14:38 CEST
Output:
----------------------------------------------------------
Running main() from /private/tmp/googletest-20250430-4705-6kzjyz/googletest-1.17.0/googletest/src/gtest_main.cc
Note: Google Test filter = GTF2BedTest.WriteToBedCreatesCorrectOutput
[==========] Running 1 test from 1 test suite.
[----------] Global test environment set-up.
[----------] 1 test from GTF2BedTest
[ RUN      ] GTF2BedTest.WriteToBedCreatesCorrectOutput
[       OK ] GTF2BedTest.WriteToBedCreatesCorrectOutput (0 ms)
[----------] 1 test from GTF2BedTest (0 ms total)

[----------] Global test environment tear-down
[==========] 1 test from 1 test suite ran. (0 ms total)
[  PASSED  ] 1 test.
<end of output>
Test time =   0.01 sec
----------------------------------------------------------
Test Passed.
"GTF2BedTest.WriteToBedCreatesCorrectOutput" end time: Jul 09 14:38 CEST
"GTF2BedTest.WriteToBedCreatesCorrectOutput" time elapsed: 00:00:00
----------------------------------------------------------

11/11 Testing: GTF2BedTest.WriteToBedMatchesGoldenFile
11/11 Test: GTF2BedTest.WriteToBedMatchesGoldenFile
Command: "/Users/nikolaoslykoskoufis/Personal/gtftools/build/bin/tests/unit_tests" "--gtest_filter=GTF2BedTest.WriteToBedMatchesGoldenFile" "--gtest_also_run_disabled_tests"
Directory: /Users/nikolaoslykoskoufis/Personal/gtftools/build
"GTF2BedTest.WriteToBedMatchesGoldenFile" start time: Jul 09 14:38 CEST
Output:
----------------------------------------------------------
Running main() from /private/tmp/googletest-20250430-4705-6kzjyz/googletest-1.17.0/googletest/src/gtest_main.cc
Note: Google Test filter = GTF2BedTest.WriteToBedMatchesGoldenFile
[==========] Running 1 test from 1 test suite.
[----------] Global test environment set-up.
[----------] 1 test from GTF2BedTest
[ RUN      ] GTF2BedTest.WriteToBedMatchesGoldenFile
  * Read0
[       OK ] GTF2BedTest.WriteToBedMatchesGoldenFile (440 ms)
[----------] 1 test from GTF2BedTest (440 ms total)

[----------] Global test environment tear-down
[==========] 1 test from 1 test suite ran. (440 ms total)
[  PASSED  ] 1 test.
<end of output>
Test time =   0.45 sec
----------------------------------------------------------
Test Passed.
"GTF2BedTest.WriteToBedMatchesGoldenFile" end time: Jul 09 14:38 CEST
"GTF2BedTest.WriteToBedMatchesGoldenFile" time elapsed: 00:00:00
----------------------------------------------------------

End testing: Jul 09 14:38 CEST
